<?xml version="1.0" encoding="UTF-8"?>
<testng-results ignored="0" total="1" passed="1" failed="0" skipped="0">
  <reporter-output>
  </reporter-output>
  <suite started-at="2025-04-05T15:27:11 IST" name="Default suite" finished-at="2025-04-05T15:27:27 IST" duration-ms="16095">
    <groups>
    </groups>
    <test started-at="2025-04-05T15:27:11 IST" name="Default test" finished-at="2025-04-05T15:27:27 IST" duration-ms="16095">
      <class name="automationpractice.BaseClass">
        <test-method signature="browserLaunch()[pri:0, instance:automationpractice.BaseClass@2ddc9a9f]" started-at="2025-04-05T15:27:11 IST" name="browserLaunch" finished-at="2025-04-05T15:27:27 IST" duration-ms="15975" status="PASS">
          <reporter-output>
          </reporter-output>
        </test-method> <!-- browserLaunch -->
      </class> <!-- automationpractice.BaseClass -->
    </test> <!-- Default test -->
  </suite> <!-- Default suite -->
</testng-results>
