<?xml version="1.0" encoding="UTF-8"?>
<!-- Generated by org.testng.reporters.JUnitReportReporter -->
<testsuite hostname="DESKTOP-5D6U02T" failures="0" tests="6" name="com.selenium1.WebTable" time="0.615" errors="0" timestamp="2026-07-05T23:00:43 IST" skipped="0">
  <testcase classname="com.selenium1.WebTable" name="tableTitle" time="0.145"/>
  <testcase classname="com.selenium1.WebTable" name="getTableData" time="0.052"/>
  <testcase classname="com.selenium1.WebTable" name="getSalary" time="0.062"/>
  <testcase classname="com.selenium1.WebTable" name="LNclmn" time="0.065"/>
  <testcase classname="com.selenium1.WebTable" name="getDepartment" time="0.221"/>
  <testcase classname="com.selenium1.WebTable" name="ageClm" time="0.070"/>
</testsuite> <!-- com.selenium1.WebTable -->
