<?xml version="1.0" encoding="UTF-8"?>
<!-- Generated by org.testng.reporters.JUnitReportReporter -->
<testsuite hostname="DESKTOP-5D6U02T" failures="0" tests="3" name="com.redbus.RB_Test" time="3.908" errors="0" timestamp="2026-07-31T21:56:26 IST" skipped="0">
  <testcase classname="com.redbus.RB_Test" name="validateRedBus" time="0.136"/>
  <testcase classname="com.redbus.RB_Test" name="searchBus" time="3.409"/>
  <testcase classname="com.redbus.RB_Test" name="screenShot" time="0.363"/>
</testsuite> <!-- com.redbus.RB_Test -->
