<?xml version="1.0" encoding="UTF-8"?>
<!-- Generated by org.testng.reporters.JUnitReportReporter -->
<testsuite hostname="DESKTOP-5D6U02T" failures="0" tests="2" name="com.selenium1.DataProviderTest" time="14.206" errors="0" timestamp="2026-09-02T16:07:37 IST" skipped="0">
  <testcase classname="com.selenium1.DataProviderTest" name="credentialEnter" time="5.532"/>
  <testcase classname="com.selenium1.DataProviderTest" name="credentialEnter" time="8.674"/>
</testsuite> <!-- com.selenium1.DataProviderTest -->
