<?xml version="1.0" encoding="UTF-8"?>
<!-- Generated by org.testng.reporters.JUnitReportReporter -->
<testsuite hostname="DESKTOP-5D6U02T" failures="0" tests="4" name="com.selenium1.AlertCodekru" time="1.118" errors="0" timestamp="2026-09-03T00:23:15 IST" skipped="0">
  <testcase classname="com.selenium1.AlertCodekru" name="SmplA" time="0.139"/>
  <testcase classname="com.selenium1.AlertCodekru" name="cnfrmAlt" time="0.146"/>
  <testcase classname="com.selenium1.AlertCodekru" name="prmptAl" time="0.121"/>
  <testcase classname="com.selenium1.AlertCodekru" name="OpenModal" time="0.712"/>
</testsuite> <!-- com.selenium1.AlertCodekru -->
