<?xml version="1.0" encoding="UTF-8"?>
<testng-results ignored="0" total="2" passed="2" failed="0" skipped="0">
  <reporter-output>
  </reporter-output>
  <suite started-at="2026-06-11T15:54:45 IST" name="Suite" finished-at="2026-06-11T15:54:49 IST" duration-ms="4146">
    <groups>
    </groups>
    <test started-at="2026-06-11T15:54:45 IST" name="Test" finished-at="2026-06-11T15:54:49 IST" duration-ms="4146">
      <class name="com.selenium1.WindowsHandle1">
        <test-method is-config="true" signature="loginSelenium()[pri:0, instance:com.selenium1.WindowsHandle1@682b2fa]" started-at="2026-06-11T15:54:45 IST" name="loginSelenium" finished-at="2026-06-11T15:54:48 IST" duration-ms="3131" status="PASS">
          <reporter-output>
          </reporter-output>
        </test-method> <!-- loginSelenium -->
        <test-method signature="parentWindow()[pri:1, instance:com.selenium1.WindowsHandle1@682b2fa]" started-at="2026-06-11T15:54:48 IST" name="parentWindow" finished-at="2026-06-11T15:54:48 IST" duration-ms="182" status="PASS">
          <reporter-output>
          </reporter-output>
        </test-method> <!-- parentWindow -->
        <test-method signature="childWindow()[pri:2, instance:com.selenium1.WindowsHandle1@682b2fa]" started-at="2026-06-11T15:54:48 IST" name="childWindow" finished-at="2026-06-11T15:54:49 IST" duration-ms="602" status="PASS">
          <reporter-output>
          </reporter-output>
        </test-method> <!-- childWindow -->
        <test-method is-config="true" signature="tearDown()[pri:0, instance:com.selenium1.WindowsHandle1@682b2fa]" started-at="2026-06-11T15:54:49 IST" name="tearDown" finished-at="2026-06-11T15:54:49 IST" duration-ms="171" status="PASS">
          <reporter-output>
          </reporter-output>
        </test-method> <!-- tearDown -->
      </class> <!-- com.selenium1.WindowsHandle1 -->
    </test> <!-- Test -->
  </suite> <!-- Suite -->
</testng-results>
