<?xml version="1.0" encoding="UTF-8"?>
<!-- Generated by org.testng.reporters.JUnitReportReporter -->
<testsuite hostname="DESKTOP-5D6U02T" failures="0" tests="3" name="com.orangehrm.GroupTestNG" time="0.003" errors="0" timestamp="2026-06-11T12:40:55 IST" skipped="1">
  <testcase classname="com.orangehrm.GroupTestNG" name="test1" time="0.000"/>
  <testcase classname="com.orangehrm.GroupTestNG" name="test3" time="0.003"/>
  <testcase classname="com.orangehrm.GroupTestNG" name="test2">
    <skipped/>
  </testcase> <!-- test2 -->
</testsuite> <!-- com.orangehrm.GroupTestNG -->
